2023-01-18 20:27:10 DEBUG Service1:21 - date time now: 2023-01-18T20:27:10.426122400
2023-01-18 20:27:10 INFO  Service1:22 - date time now: 2023-01-18T20:27:10.426122400
2023-01-18 20:27:10 FATAL Service1:23 - date time now: 2023-01-18T20:27:10.426122400
2023-01-18 20:28:07 INFO  Service1:22 - date time now: 2023-01-18T20:28:07.379708300
2023-01-18 20:28:07 FATAL Service1:23 - date time now: 2023-01-18T20:28:07.379708300
2023-01-18 20:37:07 DEBUG Service1:21 - date time now: 2023-01-18T20:37:07.765060500
2023-01-18 20:37:07 INFO  Service1:22 - date time now: 2023-01-18T20:37:07.765060500
2023-01-18 20:37:07 FATAL Service1:23 - date time now: 2023-01-18T20:37:07.765060500
2023-01-18 20:37:07 DEBUG Service1:24 - date time now: 2023-01-18T20:37:07.765060500
2023-01-18 21:02:12 DEBUG Service1:29 - date time now: 2023-01-18T21:02:12.419581600
2023-01-18 21:02:12 INFO  Service1:30 - date time now: 2023-01-18T21:02:12.419581600
2023-01-18 21:02:12 FATAL Service1:31 - date time now: 2023-01-18T21:02:12.419581600
2023-01-18 21:02:12 DEBUG Service1:32 - date time now: 2023-01-18T21:02:12.419581600
2023-01-18 21:02:12 DEBUG Service1:33 - User{login='login', password='password'}
2023-01-18 21:06:33 DEBUG Service1:29 - date time now: 2023-01-18T21:06:33.044541300
2023-01-18 21:06:33 INFO  Service1:30 - date time now: 2023-01-18T21:06:33.044541300
2023-01-18 21:06:33 FATAL Service1:31 - date time now: 2023-01-18T21:06:33.044541300
2023-01-18 21:06:33 DEBUG Service1:32 - date time now: 2023-01-18T21:06:33.044541300
2023-01-18 21:06:33 DEBUG Service1:33 - User{login='login', password='*****'}
2023-01-18 21:07:10 DEBUG Object:29 - date time now: 2023-01-18T21:07:10.509591200
2023-01-18 21:07:10 INFO  Object:30 - date time now: 2023-01-18T21:07:10.509591200
2023-01-18 21:07:10 FATAL Object:31 - date time now: 2023-01-18T21:07:10.509591200
2023-01-18 21:07:10 DEBUG Object:32 - date time now: 2023-01-18T21:07:10.509591200
2023-01-18 21:07:10 DEBUG Object:33 - User{login='login', password='*****'}
2023-01-18 21:09:54 DEBUG Service1:29 - date time now: 2023-01-18T21:09:54.513011900
2023-01-18 21:09:54 INFO  Service1:30 - date time now: 2023-01-18T21:09:54.513011900
2023-01-18 21:09:54 FATAL Service1:31 - date time now: 2023-01-18T21:09:54.513011900
2023-01-18 21:09:54 DEBUG Service1:32 - date time now: 2023-01-18T21:09:54.513011900
2023-01-18 21:09:54 DEBUG Service1:33 - User{login='login', password='*****'}
